Starting autostart script
[{"success":true}]
[{"success":true}]
Cannot register authentication agent: GDBus.Error:org.freedesktop.PolicyKit1.Error.Failed: An authentication agent already exists for the given subject
Xfce Power Manager: Another power manager is already running
xrandr: cannot find mode 1920x1080
[ 01/24/2025 11:17:17.603 parse_config_libconfig WARN ] The refresh-rate option has been deprecated. Please remove it from your configuration file. If you encounter any problems without this feature, please feel free to open a bug report
[ 01/24/2025 11:17:17.603 c2_parse_target WARN ] Type specifier is deprecated. Type "c" specified on target "_GTK_FRAME_EXTENTS" will be ignored, you can remove it.
[ 01/24/2025 11:17:17.603 c2_parse_target WARN ] Type specifier is deprecated. Type "c" specified on target "_GTK_FRAME_EXTENTS" will be ignored, you can remove it.
/home/abbes/.config/scripts/autostart.sh: line 7: pamac-tray: command not found
[ 01/24/2025 11:17:17.678 glxext_init INFO ] Extension GLX_SGI_video_sync - present
[ 01/24/2025 11:17:17.678 glxext_init INFO ] Extension GLX_SGI_swap_control - present
[ 01/24/2025 11:17:17.678 glxext_init INFO ] Extension GLX_OML_sync_control - present
[ 01/24/2025 11:17:17.678 glxext_init INFO ] Extension GLX_MESA_swap_control - present
[ 01/24/2025 11:17:17.678 glxext_init INFO ] Extension GLX_EXT_swap_control - present
[ 01/24/2025 11:17:17.678 glxext_init INFO ] Extension GLX_EXT_texture_from_pixmap - present
[ 01/24/2025 11:17:17.678 glxext_init INFO ] Extension GLX_ARB_create_context - present
[ 01/24/2025 11:17:17.678 glxext_init INFO ] Extension GLX_EXT_buffer_age - present
[ 01/24/2025 11:17:17.678 glxext_init INFO ] Extension GLX_ARB_create_context_robustness - present
[ 01/24/2025 11:17:17.678 glxext_init INFO ] Extension GLX_MESA_query_renderer - present
[ 01/24/2025 11:17:17.698 redirect_start INFO ] Using vblank scheduler: sgi_video_sync.
/home/abbes/.config/scripts/autostart.sh: line 7: blueberry-tray: command not found
/home/abbes/.config/scripts/autostart.sh: line 7: volumeicon: command not found
/home/abbes/.config/scripts/autostart.sh: line 7: numlockx: command not found
[ 01/24/2025 11:17:17.751 sgi_video_sync_scheduler_init INFO ] Started sgi_video_sync_thread
/home/abbes/.config/scripts/autostart.sh: line 7: variety: command not found
Autostart script completed
Error: GeoClue2 provider is not installed!
Error: Failed to start provider: geoclue2
Error: Latitude and longitude must be set.
Starting autostart script
[{"success":true}]
[{"success":true}]
Cannot register authentication agent: GDBus.Error:org.freedesktop.PolicyKit1.Error.Failed: An authentication agent already exists for the given subject
Xfce Power Manager: Another power manager is already running
xrandr: cannot find mode 1920x1080
[ 01/24/2025 11:18:11.581 parse_config_libconfig WARN ] The refresh-rate option has been deprecated. Please remove it from your configuration file. If you encounter any problems without this feature, please feel free to open a bug report
[ 01/24/2025 11:18:11.581 c2_parse_target WARN ] Type specifier is deprecated. Type "c" specified on target "_GTK_FRAME_EXTENTS" will be ignored, you can remove it.
[ 01/24/2025 11:18:11.581 c2_parse_target WARN ] Type specifier is deprecated. Type "c" specified on target "_GTK_FRAME_EXTENTS" will be ignored, you can remove it.
/home/abbes/.config/scripts/autostart.sh: line 7: pamac-tray: command not found
[ 01/24/2025 11:18:11.670 glxext_init INFO ] Extension GLX_SGI_video_sync - present
[ 01/24/2025 11:18:11.670 glxext_init INFO ] Extension GLX_SGI_swap_control - present
[ 01/24/2025 11:18:11.670 glxext_init INFO ] Extension GLX_OML_sync_control - present
[ 01/24/2025 11:18:11.670 glxext_init INFO ] Extension GLX_MESA_swap_control - present
[ 01/24/2025 11:18:11.670 glxext_init INFO ] Extension GLX_EXT_swap_control - present
[ 01/24/2025 11:18:11.670 glxext_init INFO ] Extension GLX_EXT_texture_from_pixmap - present
[ 01/24/2025 11:18:11.670 glxext_init INFO ] Extension GLX_ARB_create_context - present
[ 01/24/2025 11:18:11.670 glxext_init INFO ] Extension GLX_EXT_buffer_age - present
[ 01/24/2025 11:18:11.670 glxext_init INFO ] Extension GLX_ARB_create_context_robustness - present
[ 01/24/2025 11:18:11.670 glxext_init INFO ] Extension GLX_MESA_query_renderer - present
/home/abbes/.config/scripts/autostart.sh: line 7: blueberry-tray: command not found
[ 01/24/2025 11:18:11.694 redirect_start INFO ] Using vblank scheduler: sgi_video_sync.
/home/abbes/.config/scripts/autostart.sh: line 7: volumeicon: command not found
/home/abbes/.config/scripts/autostart.sh: line 7: numlockx: command not found
/home/abbes/.config/scripts/autostart.sh: line 7: variety: command not found
[ 01/24/2025 11:18:11.764 sgi_video_sync_scheduler_init INFO ] Started sgi_video_sync_thread
Autostart script completed
Error: GeoClue2 provider is not installed!
Error: Failed to start provider: geoclue2
Error: Latitude and longitude must be set.
